TN:
SF:/home/runner/work/MiniCron.Core/MiniCron.Core/src/MiniCron.Core/Extensions/MiniCronExtensions.cs
FN:14,AddMiniCronOptions(Microsoft.Extensions.DependencyInjection.IServiceCollection,System.Action`1<MiniCron.Core.Models.MiniCronOptions>)
FN:37,AddMiniCron(Microsoft.Extensions.DependencyInjection.IServiceCollection,System.Action`1<MiniCron.Core.Services.JobRegistry>)
FNDA:1,AddMiniCronOptions(Microsoft.Extensions.DependencyInjection.IServiceCollection,System.Action`1<MiniCron.Core.Models.MiniCronOptions>)
FNDA:3,AddMiniCron(Microsoft.Extensions.DependencyInjection.IServiceCollection,System.Action`1<MiniCron.Core.Services.JobRegistry>)
FNF:2
FNH:2
BRDA:15,15,0,1
BRDA:15,15,1,1
BRF:2
BRH:2
DA:14,1
DA:15,1
DA:16,1
DA:17,1
DA:18,1
DA:20,1
DA:23,1
DA:24,1
DA:25,1
DA:28,1
DA:30,1
DA:31,1
DA:37,3
DA:38,3
DA:39,3
DA:41,3
DA:42,3
DA:43,3
DA:44,3
DA:46,3
DA:47,3
LH:21
LF:21
end_of_record
SF:/home/runner/work/MiniCron.Core/MiniCron.Core/src/MiniCron.Core/Helpers/CronHelper.cs
FN:14,ValidateCronExpression(System.String)
FN:40,ValidateField(System.String,System.String,System.Int32,System.Int32,System.String)
FN:174,IsDue(System.String,System.DateTime)
FN:196,CheckField(System.String,System.Int32)
FNDA:149,ValidateCronExpression(System.String)
FNDA:581,ValidateField(System.String,System.String,System.Int32,System.Int32,System.String)
FNDA:48,IsDue(System.String,System.DateTime)
FNDA:154,CheckField(System.String,System.Int32)
FNF:4
FNH:4
BRDA:15,15,2,1
BRDA:15,15,3,1
BRDA:21,21,4,1
BRDA:21,21,5,1
BRDA:41,41,6,1
BRDA:41,41,7,-
BRDA:47,47,8,1
BRDA:47,47,9,1
BRDA:50,50,10,1
BRDA:50,50,11,1
BRDA:53,53,12,1
BRDA:53,53,13,1
BRDA:59,59,14,1
BRDA:59,59,15,1
BRDA:65,65,16,1
BRDA:65,65,17,1
BRDA:71,71,18,1
BRDA:71,71,19,1
BRDA:78,78,20,1
BRDA:78,78,21,1
BRDA:87,87,22,1
BRDA:87,87,23,1
BRDA:90,90,24,1
BRDA:90,90,25,1
BRDA:94,94,26,1
BRDA:94,94,27,1
BRDA:100,100,28,1
BRDA:100,100,29,1
BRDA:105,105,30,1
BRDA:105,105,31,1
BRDA:105,105,32,1
BRDA:105,105,33,-
BRDA:115,115,34,1
BRDA:115,115,35,1
BRDA:118,118,36,1
BRDA:118,118,37,1
BRDA:124,124,38,1
BRDA:124,124,39,1
BRDA:124,124,40,1
BRDA:124,124,41,1
BRDA:130,130,42,1
BRDA:130,130,43,1
BRDA:130,130,44,1
BRDA:130,130,45,1
BRDA:130,130,46,1
BRDA:130,130,47,-
BRDA:130,130,48,-
BRDA:130,130,49,-
BRDA:136,136,50,1
BRDA:136,136,51,1
BRDA:146,146,52,1
BRDA:146,146,53,1
BRDA:152,152,54,1
BRDA:152,152,55,1
BRDA:152,152,56,1
BRDA:152,152,57,1
BRDA:176,176,58,1
BRDA:176,176,59,1
BRDA:178,178,60,1
BRDA:178,178,61,1
BRDA:178,178,62,1
BRDA:178,178,63,1
BRDA:178,178,64,1
BRDA:178,178,65,1
BRDA:178,178,66,1
BRDA:178,178,67,1
BRDA:197,197,68,1
BRDA:197,197,69,1
BRDA:200,200,70,1
BRDA:200,200,71,1
BRDA:203,203,72,1
BRDA:203,203,73,1
BRDA:203,203,74,1
BRDA:203,203,75,1
BRDA:203,203,76,1
BRDA:203,203,77,1
BRDA:203,203,78,1
BRDA:203,203,79,1
BRDA:208,208,80,1
BRDA:208,208,81,1
BRDA:211,211,82,1
BRDA:211,211,83,1
BRDA:214,214,84,1
BRDA:214,214,85,1
BRDA:217,217,86,1
BRDA:217,217,87,1
BRDA:217,217,88,1
BRDA:217,217,89,1
BRDA:218,218,90,1
BRDA:218,218,91,1
BRDA:222,222,92,1
BRDA:222,222,93,1
BRF:92
BRH:87
DA:14,149
DA:15,149
DA:16,3
DA:17,3
DA:20,146
DA:21,146
DA:22,6
DA:23,6
DA:24,6
DA:25,6
DA:29,140
DA:30,114
DA:31,111
DA:32,109
DA:33,107
DA:34,106
DA:40,581
DA:41,581
DA:42,0
DA:43,0
DA:47,1082
DA:50,80
DA:51,42
DA:52,42
DA:53,42
DA:54,2
DA:55,2
DA:56,2
DA:59,40
DA:60,2
DA:61,2
DA:62,2
DA:65,38
DA:66,2
DA:67,2
DA:68,2
DA:71,36
DA:72,3
DA:73,3
DA:74,3
DA:77,33
DA:78,33
DA:79,1
DA:80,1
DA:81,1
DA:83,32
DA:87,38
DA:88,6
DA:89,6
DA:90,39
DA:91,13
DA:92,13
DA:94,13
DA:95,1
DA:96,1
DA:97,1
DA:100,12
DA:101,2
DA:102,2
DA:103,2
DA:105,10
DA:106,2
DA:107,2
DA:108,2
DA:110,8
DA:111,1
DA:115,32
DA:116,10
DA:117,10
DA:118,10
DA:119,2
DA:120,2
DA:121,2
DA:124,8
DA:125,2
DA:126,2
DA:127,2
DA:130,6
DA:131,2
DA:132,2
DA:133,2
DA:136,4
DA:137,2
DA:138,2
DA:139,2
DA:142,2
DA:146,22
DA:147,2
DA:148,2
DA:149,2
DA:152,20
DA:153,9
DA:154,9
DA:155,9
DA:157,547
DA:174,48
DA:175,48
DA:176,49
DA:178,47
DA:179,47
DA:180,47
DA:181,47
DA:182,47
DA:183,48
DA:196,154
DA:197,274
DA:200,34
DA:201,18
DA:202,18
DA:203,18
DA:204,7
DA:205,11
DA:208,27
DA:209,10
DA:210,10
DA:211,37
DA:214,17
DA:215,4
DA:216,4
DA:217,4
DA:218,2
DA:219,2
DA:222,15
DA:223,154
LH:122
LF:124
end_of_record
SF:/home/runner/work/MiniCron.Core/MiniCron.Core/src/MiniCron.Core/Models/CronJob.cs
FN:3,get_CronExpression()
FN:10,get_Id()
FN:15,get_Timeout()
FNDA:179,get_CronExpression()
FNDA:336,get_Id()
FNDA:105,get_Timeout()
FNF:3
FNH:3
BRF:0
BRH:0
DA:3,179
DA:10,336
DA:15,105
LH:3
LF:3
end_of_record
SF:/home/runner/work/MiniCron.Core/MiniCron.Core/src/MiniCron.Core/Models/MiniCronOptions.cs
FN:17,get_TimeZone()
FN:22,get_Granularity()
FN:27,get_MaxConcurrency()
FN:32,get_DefaultJobTimeout()
FN:37,get_WaitForJobsOnShutdown()
FNDA:25,get_TimeZone()
FNDA:13,get_Granularity()
FNDA:26,get_MaxConcurrency()
FNDA:38,get_DefaultJobTimeout()
FNDA:13,get_WaitForJobsOnShutdown()
FNF:5
FNH:5
BRF:0
BRH:0
DA:17,25
DA:22,13
DA:27,26
DA:32,38
DA:37,13
LH:5
LF:5
end_of_record
SF:/home/runner/work/MiniCron.Core/MiniCron.Core/src/MiniCron.Core/Services/InMemoryJobLockProvider.cs
FN:14,TryAcquireAsync(System.Guid,System.TimeSpan,System.Threading.CancellationToken)
FN:44,ReleaseAsync(System.Guid)
FN:50,Dispose()
FN:11,.ctor()
FNDA:20,TryAcquireAsync(System.Guid,System.TimeSpan,System.Threading.CancellationToken)
FNDA:12,ReleaseAsync(System.Guid)
FNDA:1,Dispose()
FNDA:15,.ctor()
FNF:4
FNH:4
BRDA:18,18,94,1
BRDA:18,18,95,1
BRDA:21,21,96,1
BRDA:21,21,97,1
BRDA:27,27,98,1
BRDA:27,27,99,1
BRDA:27,27,100,1
BRDA:27,27,101,-
BRDA:29,29,102,1
BRDA:29,29,103,-
BRF:10
BRH:8
DA:11,15
DA:14,20
DA:15,20
DA:16,20
DA:18,34
DA:19,33
DA:21,33
DA:22,17
DA:23,17
DA:27,16
DA:28,2
DA:29,2
DA:30,2
DA:31,2
DA:33,0
DA:36,14
DA:37,14
DA:38,14
DA:40,1
DA:41,20
DA:44,12
DA:45,12
DA:46,12
DA:47,12
DA:50,1
DA:51,1
DA:52,1
LH:26
LF:27
end_of_record
SF:/home/runner/work/MiniCron.Core/MiniCron.Core/src/MiniCron.Core/Services/JobEventArgs.cs
FN:7,get_Job()
FN:8,get_PreviousJob()
FN:10,.ctor(MiniCron.Core.Models.CronJob,MiniCron.Core.Models.CronJob)
FNDA:2,get_Job()
FNDA:2,get_PreviousJob()
FNDA:6,.ctor(MiniCron.Core.Models.CronJob,MiniCron.Core.Models.CronJob)
FNF:3
FNH:3
BRF:0
BRH:0
DA:7,2
DA:8,2
DA:10,6
DA:11,6
DA:12,6
DA:13,6
DA:14,6
LH:7
LF:7
end_of_record
SF:/home/runner/work/MiniCron.Core/MiniCron.Core/src/MiniCron.Core/Services/JobRegistry.cs
FN:29,ScheduleJob(System.String,System.Func`3<System.IServiceProvider,System.Threading.CancellationToken,System.Threading.Tasks.Task>)
FN:54,ScheduleJob(System.String,System.Func`2<System.Threading.CancellationToken,System.Threading.Tasks.Task>)
FN:62,ScheduleJob(System.String,System.Action)
FN:76,RemoveJob(System.Guid)
FN:103,UpdateSchedule(System.Guid,System.String)
FN:131,AddJob(System.String,System.Func`3<System.IServiceProvider,System.Threading.CancellationToken,System.Threading.Tasks.Task>)
FN:141,AddJob(System.String,System.Action)
FN:146,GetJobs()
FN:159,Dispose()
FN:9,.ctor(Microsoft.Extensions.Logging.ILogger`1<MiniCron.Core.Services.JobRegistry>)
FNDA:95,ScheduleJob(System.String,System.Func`3<System.IServiceProvider,System.Threading.CancellationToken,System.Threading.Tasks.Task>)
FNDA:1,ScheduleJob(System.String,System.Func`2<System.Threading.CancellationToken,System.Threading.Tasks.Task>)
FNDA:1,ScheduleJob(System.String,System.Action)
FNDA:18,RemoveJob(System.Guid)
FNDA:21,UpdateSchedule(System.Guid,System.String)
FNDA:16,AddJob(System.String,System.Func`3<System.IServiceProvider,System.Threading.CancellationToken,System.Threading.Tasks.Task>)
FNDA:0,AddJob(System.String,System.Action)
FNDA:43,GetJobs()
FNDA:1,Dispose()
FNDA:50,.ctor(Microsoft.Extensions.Logging.ILogger`1<MiniCron.Core.Services.JobRegistry>)
FNF:10
FNH:9
BRDA:44,44,104,1
BRDA:44,44,105,-
BRDA:45,45,106,1
BRDA:45,45,107,1
BRDA:80,80,108,1
BRDA:80,80,109,1
BRDA:84,84,110,1
BRDA:84,84,111,-
BRDA:86,86,112,1
BRDA:86,86,113,-
BRDA:87,87,114,1
BRDA:87,87,115,1
BRDA:109,109,116,1
BRDA:109,109,117,1
BRDA:114,114,118,1
BRDA:114,114,119,-
BRDA:115,115,120,1
BRDA:115,115,121,1
BRF:18
BRH:14
DA:9,50
DA:10,50
DA:17,50
DA:18,50
DA:19,50
DA:20,50
DA:29,95
DA:30,95
DA:32,79
DA:34,79
DA:36,79
DA:37,79
DA:38,79
DA:40,79
DA:41,79
DA:42,79
DA:44,79
DA:45,79
DA:47,79
DA:48,79
DA:54,1
DA:55,1
DA:56,1
DA:62,1
DA:63,1
DA:64,0
DA:65,0
DA:66,0
DA:67,1
DA:68,1
DA:76,18
DA:77,18
DA:79,18
DA:80,19
DA:82,17
DA:84,17
DA:86,17
DA:87,17
DA:88,17
DA:91,18
DA:92,18
DA:93,18
DA:94,18
DA:103,21
DA:104,21
DA:106,20
DA:108,20
DA:109,21
DA:111,19
DA:112,19
DA:114,19
DA:115,19
DA:117,19
DA:120,20
DA:121,20
DA:122,20
DA:123,20
DA:131,16
DA:132,16
DA:133,14
DA:141,0
DA:142,0
DA:143,0
DA:146,43
DA:147,43
DA:149,43
DA:150,43
DA:153,43
DA:154,43
DA:155,43
DA:156,43
DA:159,1
DA:160,1
DA:161,1
LH:68
LF:74
end_of_record
SF:/home/runner/work/MiniCron.Core/MiniCron.Core/src/MiniCron.Core/Services/MiniCronBackgroundService.cs
FN:102,RunJobs(System.Threading.CancellationToken)
FN:16,.ctor(MiniCron.Core.Services.JobRegistry,System.IServiceProvider,Microsoft.Extensions.Logging.ILogger`1<MiniCron.Core.Services.MiniCronBackgroundService>,Microsoft.Extensions.Options.IOptions`1<MiniCron.Core.Models.MiniCronOptions>,MiniCron.Core.Services.ISystemClock,MiniCron.Core.Services.IJobLockProvider)
FN:45,.ctor(MiniCron.Core.Services.JobRegistry,System.IServiceProvider,Microsoft.Extensions.Logging.ILogger`1<MiniCron.Core.Services.MiniCronBackgroundService>)
FN:50,ExecuteAsync()
FN:199,ExecuteJobScoped()
FNDA:12,RunJobs(System.Threading.CancellationToken)
FNDA:11,.ctor(MiniCron.Core.Services.JobRegistry,System.IServiceProvider,Microsoft.Extensions.Logging.ILogger`1<MiniCron.Core.Services.MiniCronBackgroundService>,Microsoft.Extensions.Options.IOptions`1<MiniCron.Core.Models.MiniCronOptions>,MiniCron.Core.Services.ISystemClock,MiniCron.Core.Services.IJobLockProvider)
FNDA:8,.ctor(MiniCron.Core.Services.JobRegistry,System.IServiceProvider,Microsoft.Extensions.Logging.ILogger`1<MiniCron.Core.Services.MiniCronBackgroundService>)
FNDA:0,ExecuteAsync()
FNDA:11,ExecuteJobScoped()
FNF:5
FNH:4
BRDA:105,105,122,1
BRDA:105,105,123,1
BRDA:109,109,124,1
BRDA:109,109,125,1
BRDA:112,112,126,1
BRDA:112,112,127,1
BRDA:33,33,128,1
BRDA:33,33,129,1
BRDA:33,33,130,1
BRDA:33,33,131,1
BRDA:34,34,132,1
BRDA:34,34,133,-
BRDA:35,35,134,1
BRDA:35,35,135,1
BRDA:54,54,136,-
BRDA:54,54,137,-
BRDA:54,54,138,-
BRDA:54,54,139,-
BRDA:59,59,140,-
BRDA:59,59,141,-
BRDA:70,70,142,-
BRDA:70,70,143,-
BRDA:80,80,144,-
BRDA:80,80,145,-
BRDA:89,89,146,-
BRDA:89,89,147,-
BRF:26
BRH:13
DA:16,11
DA:22,11
DA:23,11
DA:24,11
DA:25,11
DA:26,11
DA:27,11
DA:28,11
DA:29,11
DA:30,11
DA:31,11
DA:32,11
DA:33,11
DA:34,11
DA:35,11
DA:36,11
DA:37,11
DA:45,8
DA:46,8
DA:47,8
DA:50,0
DA:52,0
DA:54,0
DA:57,0
DA:58,0
DA:59,0
DA:60,0
DA:61,0
DA:62,0
DA:64,0
DA:67,0
DA:70,0
DA:71,0
DA:72,0
DA:73,0
DA:75,0
DA:78,0
DA:79,0
DA:80,0
DA:81,0
DA:82,0
DA:83,0
DA:85,0
DA:87,0
DA:89,0
DA:90,0
DA:91,0
DA:92,0
DA:94,0
DA:97,0
DA:99,0
DA:102,12
DA:103,12
DA:105,62
DA:106,13
DA:108,13
DA:109,13
DA:110,12
DA:112,12
DA:113,11
DA:115,11
DA:116,11
DA:117,11
DA:118,11
DA:119,11
DA:120,11
DA:121,11
DA:122,11
DA:123,11
DA:124,11
DA:125,11
DA:126,11
DA:127,11
DA:128,11
DA:129,11
DA:130,0
DA:131,0
DA:132,0
DA:133,11
DA:134,11
DA:135,11
DA:136,11
DA:137,11
DA:138,11
DA:139,11
DA:140,0
DA:141,0
DA:142,0
DA:143,0
DA:144,0
DA:145,11
DA:146,11
DA:147,11
DA:148,11
DA:149,11
DA:150,11
DA:151,11
DA:152,11
DA:153,11
DA:154,11
DA:155,11
DA:156,11
DA:157,11
DA:158,0
DA:159,0
DA:160,0
DA:161,0
DA:162,0
DA:163,0
DA:164,0
DA:165,0
DA:166,0
DA:167,11
DA:168,11
DA:169,11
DA:170,11
DA:171,11
DA:172,11
DA:173,11
DA:174,11
DA:175,11
DA:176,0
DA:177,0
DA:178,0
DA:179,0
DA:180,11
DA:181,11
DA:182,11
DA:184,1
DA:185,1
DA:186,1
DA:187,12
DA:188,13
DA:189,0
DA:190,0
DA:191,0
DA:192,0
DA:193,13
DA:195,12
DA:196,12
DA:199,11
DA:201,11
DA:203,11
DA:204,11
DA:205,10
DA:206,1
DA:207,1
DA:208,1
DA:209,1
DA:210,11
LH:94
LF:150
end_of_record
SF:/home/runner/work/MiniCron.Core/MiniCron.Core/src/MiniCron.Core/Services/SystemClock.cs
FN:5,get_UtcNow()
FN:8,Now(System.TimeZoneInfo)
FNDA:1,get_UtcNow()
FNDA:14,Now(System.TimeZoneInfo)
FNF:2
FNH:2
BRDA:9,9,148,1
BRDA:9,9,149,1
BRF:2
BRH:2
DA:5,1
DA:8,14
DA:9,14
DA:10,14
LH:4
LF:4
end_of_record
